CiteSeer()
Dataset Size: 1
Number of Classes: 6
Number of Node Features: 3703
Is Undirected?: True
Nodes to Train: 120
Validation Nodes: 500
Test Nodes: 1000
Data(x=[3327, 3703], edge_index=[2, 9104], y=[3327], train_mask=[3327], val_mask=[3327], test_mask=[3327])
Accuracy (SpecNet (K=1)): 0.1080
CiteSeer()
Dataset Size: 1
Number of Classes: 6
Number of Node Features: 3703
Is Undirected?: True
Nodes to Train: 120
Validation Nodes: 500
Test Nodes: 1000
Data(x=[3327, 3703], edge_index=[2, 9104], y=[3327], train_mask=[3327], val_mask=[3327], test_mask=[3327])
Accuracy (SpecNet (K=2)): 0.0930
CiteSeer()
Dataset Size: 1
Number of Classes: 6
Number of Node Features: 3703
Is Undirected?: True
Nodes to Train: 120
Validation Nodes: 500
Test Nodes: 1000
Data(x=[3327, 3703], edge_index=[2, 9104], y=[3327], train_mask=[3327], val_mask=[3327], test_mask=[3327])
Accuracy (SpecNet (K=3)): 0.2040
CiteSeer()
Dataset Size: 1
Number of Classes: 6
Number of Node Features: 3703
Is Undirected?: True
Nodes to Train: 120
Validation Nodes: 500
Test Nodes: 1000
Data(x=[3327, 3703], edge_index=[2, 9104], y=[3327], train_mask=[3327], val_mask=[3327], test_mask=[3327])
Accuracy (SpecNet (K=4)): 0.1460
CiteSeer()
Dataset Size: 1
Number of Classes: 6
Number of Node Features: 3703
Is Undirected?: True
Nodes to Train: 120
Validation Nodes: 500
Test Nodes: 1000
Data(x=[3327, 3703], edge_index=[2, 9104], y=[3327], train_mask=[3327], val_mask=[3327], test_mask=[3327])
Accuracy (SpecNet (K=5)): 0.1720
CiteSeer()
Dataset Size: 1
Number of Classes: 6
Number of Node Features: 3703
Is Undirected?: True
Nodes to Train: 120
Validation Nodes: 500
Test Nodes: 1000
Data(x=[3327, 3703], edge_index=[2, 9104], y=[3327], train_mask=[3327], val_mask=[3327], test_mask=[3327])
Accuracy (SpecNet (K=6)): 0.2150
CiteSeer()
Dataset Size: 1
Number of Classes: 6
Number of Node Features: 3703
Is Undirected?: True
Nodes to Train: 120
Validation Nodes: 500
Test Nodes: 1000
Data(x=[3327, 3703], edge_index=[2, 9104], y=[3327], train_mask=[3327], val_mask=[3327], test_mask=[3327])
Accuracy (SpecNet (K=7)): 0.1580
CiteSeer()
Dataset Size: 1
Number of Classes: 6
Number of Node Features: 3703
Is Undirected?: True
Nodes to Train: 120
Validation Nodes: 500
Test Nodes: 1000
Data(x=[3327, 3703], edge_index=[2, 9104], y=[3327], train_mask=[3327], val_mask=[3327], test_mask=[3327])
Accuracy (SpecNet (K=8)): 0.1530
CiteSeer()
Dataset Size: 1
Number of Classes: 6
Number of Node Features: 3703
Is Undirected?: True
Nodes to Train: 120
Validation Nodes: 500
Test Nodes: 1000
Data(x=[3327, 3703], edge_index=[2, 9104], y=[3327], train_mask=[3327], val_mask=[3327], test_mask=[3327])
Accuracy (SpecNet (K=9)): 0.1970
CiteSeer()
Dataset Size: 1
Number of Classes: 6
Number of Node Features: 3703
Is Undirected?: True
Nodes to Train: 120
Validation Nodes: 500
Test Nodes: 1000
Data(x=[3327, 3703], edge_index=[2, 9104], y=[3327], train_mask=[3327], val_mask=[3327], test_mask=[3327])
Accuracy (SpecNet (K=10)): 0.1880
