Cora()
Dataset Size: 1
Number of Classes: 7
Number of Node Features: 1433
Is Undirected?: True
Nodes to Train: 140
Validation Nodes: 500
Test Nodes: 1000
Data(x=[2708, 1433], edge_index=[2, 10556], y=[2708], train_mask=[2708], val_mask=[2708], test_mask=[2708])
Accuracy (SpecNet (K=1)): 0.1290
Cora()
Dataset Size: 1
Number of Classes: 7
Number of Node Features: 1433
Is Undirected?: True
Nodes to Train: 140
Validation Nodes: 500
Test Nodes: 1000
Data(x=[2708, 1433], edge_index=[2, 10556], y=[2708], train_mask=[2708], val_mask=[2708], test_mask=[2708])
Accuracy (SpecNet (K=2)): 0.1370
Cora()
Dataset Size: 1
Number of Classes: 7
Number of Node Features: 1433
Is Undirected?: True
Nodes to Train: 140
Validation Nodes: 500
Test Nodes: 1000
Data(x=[2708, 1433], edge_index=[2, 10556], y=[2708], train_mask=[2708], val_mask=[2708], test_mask=[2708])
Accuracy (SpecNet (K=3)): 0.1350
Cora()
Dataset Size: 1
Number of Classes: 7
Number of Node Features: 1433
Is Undirected?: True
Nodes to Train: 140
Validation Nodes: 500
Test Nodes: 1000
Data(x=[2708, 1433], edge_index=[2, 10556], y=[2708], train_mask=[2708], val_mask=[2708], test_mask=[2708])
Accuracy (SpecNet (K=4)): 0.3030
Cora()
Dataset Size: 1
Number of Classes: 7
Number of Node Features: 1433
Is Undirected?: True
Nodes to Train: 140
Validation Nodes: 500
Test Nodes: 1000
Data(x=[2708, 1433], edge_index=[2, 10556], y=[2708], train_mask=[2708], val_mask=[2708], test_mask=[2708])
Accuracy (SpecNet (K=5)): 0.1450
Cora()
Dataset Size: 1
Number of Classes: 7
Number of Node Features: 1433
Is Undirected?: True
Nodes to Train: 140
Validation Nodes: 500
Test Nodes: 1000
Data(x=[2708, 1433], edge_index=[2, 10556], y=[2708], train_mask=[2708], val_mask=[2708], test_mask=[2708])
Accuracy (SpecNet (K=6)): 0.1380
Cora()
Dataset Size: 1
Number of Classes: 7
Number of Node Features: 1433
Is Undirected?: True
Nodes to Train: 140
Validation Nodes: 500
Test Nodes: 1000
Data(x=[2708, 1433], edge_index=[2, 10556], y=[2708], train_mask=[2708], val_mask=[2708], test_mask=[2708])
Accuracy (SpecNet (K=7)): 0.1310
Cora()
Dataset Size: 1
Number of Classes: 7
Number of Node Features: 1433
Is Undirected?: True
Nodes to Train: 140
Validation Nodes: 500
Test Nodes: 1000
Data(x=[2708, 1433], edge_index=[2, 10556], y=[2708], train_mask=[2708], val_mask=[2708], test_mask=[2708])
Accuracy (SpecNet (K=8)): 0.2730
Cora()
Dataset Size: 1
Number of Classes: 7
Number of Node Features: 1433
Is Undirected?: True
Nodes to Train: 140
Validation Nodes: 500
Test Nodes: 1000
Data(x=[2708, 1433], edge_index=[2, 10556], y=[2708], train_mask=[2708], val_mask=[2708], test_mask=[2708])
Accuracy (SpecNet (K=9)): 0.1400
Cora()
Dataset Size: 1
Number of Classes: 7
Number of Node Features: 1433
Is Undirected?: True
Nodes to Train: 140
Validation Nodes: 500
Test Nodes: 1000
Data(x=[2708, 1433], edge_index=[2, 10556], y=[2708], train_mask=[2708], val_mask=[2708], test_mask=[2708])
Accuracy (SpecNet (K=10)): 0.1290
