Dataset Size: 1
Number of Classes: 4
Number of Node Features: 34
Data(x=[34, 34], edge_index=[2, 156], y=[34], train_mask=[34])
Accuracy (SpecNet (K=1)): 0.3824

Dataset Size: 1
Number of Classes: 4
Number of Node Features: 34
Data(x=[34, 34], edge_index=[2, 156], y=[34], train_mask=[34])
Accuracy (SpecNet (K=2)): 0.5000

Dataset Size: 1
Number of Classes: 4
Number of Node Features: 34
Data(x=[34, 34], edge_index=[2, 156], y=[34], train_mask=[34])
Accuracy (SpecNet (K=3)): 0.4706

Dataset Size: 1
Number of Classes: 4
Number of Node Features: 34
Data(x=[34, 34], edge_index=[2, 156], y=[34], train_mask=[34])
Accuracy (SpecNet (K=4)): 0.4412

Dataset Size: 1
Number of Classes: 4
Number of Node Features: 34
Data(x=[34, 34], edge_index=[2, 156], y=[34], train_mask=[34])
Accuracy (SpecNet (K=5)): 0.4118

Dataset Size: 1
Number of Classes: 4
Number of Node Features: 34
Data(x=[34, 34], edge_index=[2, 156], y=[34], train_mask=[34])
Accuracy (SpecNet (K=6)): 0.3529

Dataset Size: 1
Number of Classes: 4
Number of Node Features: 34
Data(x=[34, 34], edge_index=[2, 156], y=[34], train_mask=[34])
Accuracy (SpecNet (K=7)): 0.4412

Dataset Size: 1
Number of Classes: 4
Number of Node Features: 34
Data(x=[34, 34], edge_index=[2, 156], y=[34], train_mask=[34])
Accuracy (SpecNet (K=8)): 0.4412

Dataset Size: 1
Number of Classes: 4
Number of Node Features: 34
Data(x=[34, 34], edge_index=[2, 156], y=[34], train_mask=[34])
Accuracy (SpecNet (K=9)): 0.2059

Dataset Size: 1
Number of Classes: 4
Number of Node Features: 34
Data(x=[34, 34], edge_index=[2, 156], y=[34], train_mask=[34])
Accuracy (SpecNet (K=10)): 0.1765

