PubMed()
Dataset Size: 1
Number of Classes: 3
Number of Node Features: 500
Is Undirected?: True
Nodes to Train: 60
Validation Nodes: 500
Test Nodes: 1000
Data(x=[19717, 500], edge_index=[2, 88648], y=[19717], train_mask=[19717], val_mask=[19717], test_mask=[19717])
Accuracy (SpecNet (K=1)): 0.1800
PubMed()
Dataset Size: 1
Number of Classes: 3
Number of Node Features: 500
Is Undirected?: True
Nodes to Train: 60
Validation Nodes: 500
Test Nodes: 1000
Data(x=[19717, 500], edge_index=[2, 88648], y=[19717], train_mask=[19717], val_mask=[19717], test_mask=[19717])
Accuracy (SpecNet (K=2)): 0.1820
PubMed()
Dataset Size: 1
Number of Classes: 3
Number of Node Features: 500
Is Undirected?: True
Nodes to Train: 60
Validation Nodes: 500
Test Nodes: 1000
Data(x=[19717, 500], edge_index=[2, 88648], y=[19717], train_mask=[19717], val_mask=[19717], test_mask=[19717])
Accuracy (SpecNet (K=3)): 0.1820
PubMed()
Dataset Size: 1
Number of Classes: 3
Number of Node Features: 500
Is Undirected?: True
Nodes to Train: 60
Validation Nodes: 500
Test Nodes: 1000
Data(x=[19717, 500], edge_index=[2, 88648], y=[19717], train_mask=[19717], val_mask=[19717], test_mask=[19717])
Accuracy (SpecNet (K=4)): 0.1800
PubMed()
Dataset Size: 1
Number of Classes: 3
Number of Node Features: 500
Is Undirected?: True
Nodes to Train: 60
Validation Nodes: 500
Test Nodes: 1000
Data(x=[19717, 500], edge_index=[2, 88648], y=[19717], train_mask=[19717], val_mask=[19717], test_mask=[19717])
Accuracy (SpecNet (K=5)): 0.1800
PubMed()
Dataset Size: 1
Number of Classes: 3
Number of Node Features: 500
Is Undirected?: True
Nodes to Train: 60
Validation Nodes: 500
Test Nodes: 1000
Data(x=[19717, 500], edge_index=[2, 88648], y=[19717], train_mask=[19717], val_mask=[19717], test_mask=[19717])
Accuracy (SpecNet (K=6)): 0.1810
PubMed()
Dataset Size: 1
Number of Classes: 3
Number of Node Features: 500
Is Undirected?: True
Nodes to Train: 60
Validation Nodes: 500
Test Nodes: 1000
Data(x=[19717, 500], edge_index=[2, 88648], y=[19717], train_mask=[19717], val_mask=[19717], test_mask=[19717])
Accuracy (SpecNet (K=7)): 0.1840
PubMed()
Dataset Size: 1
Number of Classes: 3
Number of Node Features: 500
Is Undirected?: True
Nodes to Train: 60
Validation Nodes: 500
Test Nodes: 1000
Data(x=[19717, 500], edge_index=[2, 88648], y=[19717], train_mask=[19717], val_mask=[19717], test_mask=[19717])
Accuracy (SpecNet (K=8)): 0.1810
PubMed()
Dataset Size: 1
Number of Classes: 3
Number of Node Features: 500
Is Undirected?: True
Nodes to Train: 60
Validation Nodes: 500
Test Nodes: 1000
Data(x=[19717, 500], edge_index=[2, 88648], y=[19717], train_mask=[19717], val_mask=[19717], test_mask=[19717])
Accuracy (SpecNet (K=9)): 0.1800
PubMed()
Dataset Size: 1
Number of Classes: 3
Number of Node Features: 500
Is Undirected?: True
Nodes to Train: 60
Validation Nodes: 500
Test Nodes: 1000
Data(x=[19717, 500], edge_index=[2, 88648], y=[19717], train_mask=[19717], val_mask=[19717], test_mask=[19717])
Accuracy (SpecNet (K=10)): 0.1800
